<?xml version="1.0" encoding="UTF-8"?>
<testsuite xmlns:xsi="http://www.w3.org/2001/XMLSchema-instance" xsi:noNamespaceSchemaLocation="https://maven.apache.org/surefire/maven-surefire-plugin/xsd/surefire-test-report.xsd" version="3.0.2" name="linkedinlearning.cucumbercourse.RunCucumberTest" time="1.94" tests="1" errors="0" skipped="0" failures="0">
  <properties>
    <property name="java.specification.version" value="21"/>
    <property name="sun.jnu.encoding" value="UTF-8"/>
    <property name="java.class.path" value="/workspaces/cucumbercourse/linkedinlearning.cucumbercourse/target/test-classes:/workspaces/cucumbercourse/linkedinlearning.cucumbercourse/target/classes:/home/codespace/.m2/repository/org/seleniumhq/selenium/selenium-java/4.32.0/selenium-java-4.32.0.jar:/home/codespace/.m2/repository/org/seleniumhq/selenium/selenium-api/4.32.0/selenium-api-4.32.0.jar:/home/codespace/.m2/repository/org/jspecify/jspecify/1.0.0/jspecify-1.0.0.jar:/home/codespace/.m2/repository/org/seleniumhq/selenium/selenium-devtools-v134/4.32.0/selenium-devtools-v134-4.32.0.jar:/home/codespace/.m2/repository/org/seleniumhq/selenium/selenium-devtools-v135/4.32.0/selenium-devtools-v135-4.32.0.jar:/home/codespace/.m2/repository/org/seleniumhq/selenium/selenium-devtools-v136/4.32.0/selenium-devtools-v136-4.32.0.jar:/home/codespace/.m2/repository/org/seleniumhq/selenium/selenium-edge-driver/4.32.0/selenium-edge-driver-4.32.0.jar:/home/codespace/.m2/repository/org/seleniumhq/selenium/selenium-firefox-driver/4.32.0/selenium-firefox-driver-4.32.0.jar:/home/codespace/.m2/repository/org/seleniumhq/selenium/selenium-http/4.32.0/selenium-http-4.32.0.jar:/home/codespace/.m2/repository/org/seleniumhq/selenium/selenium-ie-driver/4.32.0/selenium-ie-driver-4.32.0.jar:/home/codespace/.m2/repository/org/seleniumhq/selenium/selenium-remote-driver/4.32.0/selenium-remote-driver-4.32.0.jar:/home/codespace/.m2/repository/com/google/guava/guava/33.4.8-jre/guava-33.4.8-jre.jar:/home/codespace/.m2/repository/com/google/guava/failureaccess/1.0.3/failureaccess-1.0.3.jar:/home/codespace/.m2/repository/com/google/guava/listenablefuture/9999.0-empty-to-avoid-conflict-with-guava/listenablefuture-9999.0-empty-to-avoid-conflict-with-guava.jar:/home/codespace/.m2/repository/com/google/errorprone/error_prone_annotations/2.36.0/error_prone_annotations-2.36.0.jar:/home/codespace/.m2/repository/com/google/j2objc/j2objc-annotations/3.0.0/j2objc-annotations-3.0.0.jar:/home/codespace/.m2/repository/io/opentelemetry/opentelemetry-api/1.49.0/opentelemetry-api-1.49.0.jar:/home/codespace/.m2/repository/io/opentelemetry/opentelemetry-context/1.49.0/opentelemetry-context-1.49.0.jar:/home/codespace/.m2/repository/io/opentelemetry/opentelemetry-exporter-logging/1.49.0/opentelemetry-exporter-logging-1.49.0.jar:/home/codespace/.m2/repository/io/opentelemetry/opentelemetry-sdk-common/1.49.0/opentelemetry-sdk-common-1.49.0.jar:/home/codespace/.m2/repository/io/opentelemetry/opentelemetry-sdk-extension-autoconfigure-spi/1.49.0/opentelemetry-sdk-extension-autoconfigure-spi-1.49.0.jar:/home/codespace/.m2/repository/io/opentelemetry/opentelemetry-sdk-extension-autoconfigure/1.49.0/opentelemetry-sdk-extension-autoconfigure-1.49.0.jar:/home/codespace/.m2/repository/io/opentelemetry/opentelemetry-sdk-trace/1.49.0/opentelemetry-sdk-trace-1.49.0.jar:/home/codespace/.m2/repository/io/opentelemetry/opentelemetry-sdk/1.49.0/opentelemetry-sdk-1.49.0.jar:/home/codespace/.m2/repository/io/opentelemetry/opentelemetry-sdk-metrics/1.49.0/opentelemetry-sdk-metrics-1.49.0.jar:/home/codespace/.m2/repository/io/opentelemetry/opentelemetry-sdk-logs/1.49.0/opentelemetry-sdk-logs-1.49.0.jar:/home/codespace/.m2/repository/org/seleniumhq/selenium/selenium-os/4.32.0/selenium-os-4.32.0.jar:/home/codespace/.m2/repository/org/apache/commons/commons-exec/1.4.0/commons-exec-1.4.0.jar:/home/codespace/.m2/repository/org/seleniumhq/selenium/selenium-safari-driver/4.32.0/selenium-safari-driver-4.32.0.jar:/home/codespace/.m2/repository/org/seleniumhq/selenium/selenium-support/4.32.0/selenium-support-4.32.0.jar:/home/codespace/.m2/repository/org/seleniumhq/selenium/selenium-chrome-driver/4.32.0/selenium-chrome-driver-4.32.0.jar:/home/codespace/.m2/repository/com/google/auto/service/auto-service-annotations/1.1.1/auto-service-annotations-1.1.1.jar:/home/codespace/.m2/repository/org/seleniumhq/selenium/selenium-chromium-driver/4.32.0/selenium-chromium-driver-4.32.0.jar:/home/codespace/.m2/repository/org/seleniumhq/selenium/selenium-json/4.32.0/selenium-json-4.32.0.jar:/home/codespace/.m2/repository/org/seleniumhq/selenium/selenium-manager/4.32.0/selenium-manager-4.32.0.jar:/home/codespace/.m2/repository/io/cucumber/cucumber-java/7.22.1/cucumber-java-7.22.1.jar:/home/codespace/.m2/repository/io/cucumber/cucumber-core/7.22.1/cucumber-core-7.22.1.jar:/home/codespace/.m2/repository/io/cucumber/cucumber-gherkin/7.22.1/cucumber-gherkin-7.22.1.jar:/home/codespace/.m2/repository/io/cucumber/cucumber-gherkin-messages/7.22.1/cucumber-gherkin-messages-7.22.1.jar:/home/codespace/.m2/repository/io/cucumber/gherkin/32.1.1/gherkin-32.1.1.jar:/home/codespace/.m2/repository/io/cucumber/messages/27.2.0/messages-27.2.0.jar:/home/codespace/.m2/repository/io/cucumber/testng-xml-formatter/0.3.1/testng-xml-formatter-0.3.1.jar:/home/codespace/.m2/repository/io/cucumber/query/13.2.0/query-13.2.0.jar:/home/codespace/.m2/repository/io/cucumber/tag-expressions/6.1.2/tag-expressions-6.1.2.jar:/home/codespace/.m2/repository/io/cucumber/cucumber-expressions/18.0.1/cucumber-expressions-18.0.1.jar:/home/codespace/.m2/repository/io/cucumber/datatable/7.22.1/datatable-7.22.1.jar:/home/codespace/.m2/repository/io/cucumber/cucumber-plugin/7.22.1/cucumber-plugin-7.22.1.jar:/home/codespace/.m2/repository/io/cucumber/docstring/7.22.1/docstring-7.22.1.jar:/home/codespace/.m2/repository/io/cucumber/html-formatter/21.10.1/html-formatter-21.10.1.jar:/home/codespace/.m2/repository/io/cucumber/junit-xml-formatter/0.7.1/junit-xml-formatter-0.7.1.jar:/home/codespace/.m2/repository/io/cucumber/ci-environment/10.0.1/ci-environment-10.0.1.jar:/home/codespace/.m2/repository/org/apiguardian/apiguardian-api/1.1.2/apiguardian-api-1.1.2.jar:/home/codespace/.m2/repository/io/cucumber/cucumber-junit-platform-engine/7.22.1/cucumber-junit-platform-engine-7.22.1.jar:/home/codespace/.m2/repository/org/junit/platform/junit-platform-engine/1.12.2/junit-platform-engine-1.12.2.jar:/home/codespace/.m2/repository/org/opentest4j/opentest4j/1.3.0/opentest4j-1.3.0.jar:/home/codespace/.m2/repository/org/junit/platform/junit-platform-commons/1.12.2/junit-platform-commons-1.12.2.jar:/home/codespace/.m2/repository/org/junit/platform/junit-platform-suite/1.12.2/junit-platform-suite-1.12.2.jar:/home/codespace/.m2/repository/org/junit/platform/junit-platform-suite-api/1.12.2/junit-platform-suite-api-1.12.2.jar:/home/codespace/.m2/repository/org/junit/platform/junit-platform-suite-engine/1.12.2/junit-platform-suite-engine-1.12.2.jar:/home/codespace/.m2/repository/org/junit/platform/junit-platform-suite-commons/1.12.2/junit-platform-suite-commons-1.12.2.jar:/home/codespace/.m2/repository/org/junit/platform/junit-platform-launcher/1.12.2/junit-platform-launcher-1.12.2.jar:/home/codespace/.m2/repository/org/assertj/assertj-core/3.27.3/assertj-core-3.27.3.jar:/home/codespace/.m2/repository/net/bytebuddy/byte-buddy/1.15.11/byte-buddy-1.15.11.jar:"/>
    <property name="java.vm.vendor" value="Microsoft"/>
    <property name="sun.arch.data.model" value="64"/>
    <property name="java.vendor.url" value="https://www.microsoft.com"/>
    <property name="os.name" value="Linux"/>
    <property name="java.vm.specification.version" value="21"/>
    <property name="sun.java.launcher" value="SUN_STANDARD"/>
    <property name="sun.boot.library.path" value="/usr/local/sdkman/candidates/java/21.0.6-ms/lib"/>
    <property name="sun.java.command" value="/workspaces/cucumbercourse/linkedinlearning.cucumbercourse/target/surefire/surefirebooter-20250513210345548_3.jar /workspaces/cucumbercourse/linkedinlearning.cucumbercourse/target/surefire 2025-05-13T21-03-45_443-jvmRun1 surefire-20250513210345548_1tmp surefire_0-20250513210345548_2tmp"/>
    <property name="jdk.debug" value="release"/>
    <property name="surefire.test.class.path" value="/workspaces/cucumbercourse/linkedinlearning.cucumbercourse/target/test-classes:/workspaces/cucumbercourse/linkedinlearning.cucumbercourse/target/classes:/home/codespace/.m2/repository/org/seleniumhq/selenium/selenium-java/4.32.0/selenium-java-4.32.0.jar:/home/codespace/.m2/repository/org/seleniumhq/selenium/selenium-api/4.32.0/selenium-api-4.32.0.jar:/home/codespace/.m2/repository/org/jspecify/jspecify/1.0.0/jspecify-1.0.0.jar:/home/codespace/.m2/repository/org/seleniumhq/selenium/selenium-devtools-v134/4.32.0/selenium-devtools-v134-4.32.0.jar:/home/codespace/.m2/repository/org/seleniumhq/selenium/selenium-devtools-v135/4.32.0/selenium-devtools-v135-4.32.0.jar:/home/codespace/.m2/repository/org/seleniumhq/selenium/selenium-devtools-v136/4.32.0/selenium-devtools-v136-4.32.0.jar:/home/codespace/.m2/repository/org/seleniumhq/selenium/selenium-edge-driver/4.32.0/selenium-edge-driver-4.32.0.jar:/home/codespace/.m2/repository/org/seleniumhq/selenium/selenium-firefox-driver/4.32.0/selenium-firefox-driver-4.32.0.jar:/home/codespace/.m2/repository/org/seleniumhq/selenium/selenium-http/4.32.0/selenium-http-4.32.0.jar:/home/codespace/.m2/repository/org/seleniumhq/selenium/selenium-ie-driver/4.32.0/selenium-ie-driver-4.32.0.jar:/home/codespace/.m2/repository/org/seleniumhq/selenium/selenium-remote-driver/4.32.0/selenium-remote-driver-4.32.0.jar:/home/codespace/.m2/repository/com/google/guava/guava/33.4.8-jre/guava-33.4.8-jre.jar:/home/codespace/.m2/repository/com/google/guava/failureaccess/1.0.3/failureaccess-1.0.3.jar:/home/codespace/.m2/repository/com/google/guava/listenablefuture/9999.0-empty-to-avoid-conflict-with-guava/listenablefuture-9999.0-empty-to-avoid-conflict-with-guava.jar:/home/codespace/.m2/repository/com/google/errorprone/error_prone_annotations/2.36.0/error_prone_annotations-2.36.0.jar:/home/codespace/.m2/repository/com/google/j2objc/j2objc-annotations/3.0.0/j2objc-annotations-3.0.0.jar:/home/codespace/.m2/repository/io/opentelemetry/opentelemetry-api/1.49.0/opentelemetry-api-1.49.0.jar:/home/codespace/.m2/repository/io/opentelemetry/opentelemetry-context/1.49.0/opentelemetry-context-1.49.0.jar:/home/codespace/.m2/repository/io/opentelemetry/opentelemetry-exporter-logging/1.49.0/opentelemetry-exporter-logging-1.49.0.jar:/home/codespace/.m2/repository/io/opentelemetry/opentelemetry-sdk-common/1.49.0/opentelemetry-sdk-common-1.49.0.jar:/home/codespace/.m2/repository/io/opentelemetry/opentelemetry-sdk-extension-autoconfigure-spi/1.49.0/opentelemetry-sdk-extension-autoconfigure-spi-1.49.0.jar:/home/codespace/.m2/repository/io/opentelemetry/opentelemetry-sdk-extension-autoconfigure/1.49.0/opentelemetry-sdk-extension-autoconfigure-1.49.0.jar:/home/codespace/.m2/repository/io/opentelemetry/opentelemetry-sdk-trace/1.49.0/opentelemetry-sdk-trace-1.49.0.jar:/home/codespace/.m2/repository/io/opentelemetry/opentelemetry-sdk/1.49.0/opentelemetry-sdk-1.49.0.jar:/home/codespace/.m2/repository/io/opentelemetry/opentelemetry-sdk-metrics/1.49.0/opentelemetry-sdk-metrics-1.49.0.jar:/home/codespace/.m2/repository/io/opentelemetry/opentelemetry-sdk-logs/1.49.0/opentelemetry-sdk-logs-1.49.0.jar:/home/codespace/.m2/repository/org/seleniumhq/selenium/selenium-os/4.32.0/selenium-os-4.32.0.jar:/home/codespace/.m2/repository/org/apache/commons/commons-exec/1.4.0/commons-exec-1.4.0.jar:/home/codespace/.m2/repository/org/seleniumhq/selenium/selenium-safari-driver/4.32.0/selenium-safari-driver-4.32.0.jar:/home/codespace/.m2/repository/org/seleniumhq/selenium/selenium-support/4.32.0/selenium-support-4.32.0.jar:/home/codespace/.m2/repository/org/seleniumhq/selenium/selenium-chrome-driver/4.32.0/selenium-chrome-driver-4.32.0.jar:/home/codespace/.m2/repository/com/google/auto/service/auto-service-annotations/1.1.1/auto-service-annotations-1.1.1.jar:/home/codespace/.m2/repository/org/seleniumhq/selenium/selenium-chromium-driver/4.32.0/selenium-chromium-driver-4.32.0.jar:/home/codespace/.m2/repository/org/seleniumhq/selenium/selenium-json/4.32.0/selenium-json-4.32.0.jar:/home/codespace/.m2/repository/org/seleniumhq/selenium/selenium-manager/4.32.0/selenium-manager-4.32.0.jar:/home/codespace/.m2/repository/io/cucumber/cucumber-java/7.22.1/cucumber-java-7.22.1.jar:/home/codespace/.m2/repository/io/cucumber/cucumber-core/7.22.1/cucumber-core-7.22.1.jar:/home/codespace/.m2/repository/io/cucumber/cucumber-gherkin/7.22.1/cucumber-gherkin-7.22.1.jar:/home/codespace/.m2/repository/io/cucumber/cucumber-gherkin-messages/7.22.1/cucumber-gherkin-messages-7.22.1.jar:/home/codespace/.m2/repository/io/cucumber/gherkin/32.1.1/gherkin-32.1.1.jar:/home/codespace/.m2/repository/io/cucumber/messages/27.2.0/messages-27.2.0.jar:/home/codespace/.m2/repository/io/cucumber/testng-xml-formatter/0.3.1/testng-xml-formatter-0.3.1.jar:/home/codespace/.m2/repository/io/cucumber/query/13.2.0/query-13.2.0.jar:/home/codespace/.m2/repository/io/cucumber/tag-expressions/6.1.2/tag-expressions-6.1.2.jar:/home/codespace/.m2/repository/io/cucumber/cucumber-expressions/18.0.1/cucumber-expressions-18.0.1.jar:/home/codespace/.m2/repository/io/cucumber/datatable/7.22.1/datatable-7.22.1.jar:/home/codespace/.m2/repository/io/cucumber/cucumber-plugin/7.22.1/cucumber-plugin-7.22.1.jar:/home/codespace/.m2/repository/io/cucumber/docstring/7.22.1/docstring-7.22.1.jar:/home/codespace/.m2/repository/io/cucumber/html-formatter/21.10.1/html-formatter-21.10.1.jar:/home/codespace/.m2/repository/io/cucumber/junit-xml-formatter/0.7.1/junit-xml-formatter-0.7.1.jar:/home/codespace/.m2/repository/io/cucumber/ci-environment/10.0.1/ci-environment-10.0.1.jar:/home/codespace/.m2/repository/org/apiguardian/apiguardian-api/1.1.2/apiguardian-api-1.1.2.jar:/home/codespace/.m2/repository/io/cucumber/cucumber-junit-platform-engine/7.22.1/cucumber-junit-platform-engine-7.22.1.jar:/home/codespace/.m2/repository/org/junit/platform/junit-platform-engine/1.12.2/junit-platform-engine-1.12.2.jar:/home/codespace/.m2/repository/org/opentest4j/opentest4j/1.3.0/opentest4j-1.3.0.jar:/home/codespace/.m2/repository/org/junit/platform/junit-platform-commons/1.12.2/junit-platform-commons-1.12.2.jar:/home/codespace/.m2/repository/org/junit/platform/junit-platform-suite/1.12.2/junit-platform-suite-1.12.2.jar:/home/codespace/.m2/repository/org/junit/platform/junit-platform-suite-api/1.12.2/junit-platform-suite-api-1.12.2.jar:/home/codespace/.m2/repository/org/junit/platform/junit-platform-suite-engine/1.12.2/junit-platform-suite-engine-1.12.2.jar:/home/codespace/.m2/repository/org/junit/platform/junit-platform-suite-commons/1.12.2/junit-platform-suite-commons-1.12.2.jar:/home/codespace/.m2/repository/org/junit/platform/junit-platform-launcher/1.12.2/junit-platform-launcher-1.12.2.jar:/home/codespace/.m2/repository/org/assertj/assertj-core/3.27.3/assertj-core-3.27.3.jar:/home/codespace/.m2/repository/net/bytebuddy/byte-buddy/1.15.11/byte-buddy-1.15.11.jar:"/>
    <property name="sun.cpu.endian" value="little"/>
    <property name="user.home" value="/home/codespace"/>
    <property name="user.language" value="en"/>
    <property name="java.specification.vendor" value="Oracle Corporation"/>
    <property name="java.version.date" value="2025-01-21"/>
    <property name="java.home" value="/usr/local/sdkman/candidates/java/21.0.6-ms"/>
    <property name="file.separator" value="/"/>
    <property name="basedir" value="/workspaces/cucumbercourse/linkedinlearning.cucumbercourse"/>
    <property name="java.vm.compressedOopsMode" value="32-bit"/>
    <property name="line.separator" value="&#10;"/>
    <property name="java.specification.name" value="Java Platform API Specification"/>
    <property name="java.vm.specification.vendor" value="Oracle Corporation"/>
    <property name="surefire.real.class.path" value="/workspaces/cucumbercourse/linkedinlearning.cucumbercourse/target/surefire/surefirebooter-20250513210345548_3.jar"/>
    <property name="sun.management.compiler" value="HotSpot 64-Bit Tiered Compilers"/>
    <property name="java.runtime.version" value="21.0.6+7-LTS"/>
    <property name="user.name" value="codespace"/>
    <property name="stdout.encoding" value="UTF-8"/>
    <property name="path.separator" value=":"/>
    <property name="os.version" value="6.8.0-1027-azure"/>
    <property name="java.runtime.name" value="OpenJDK Runtime Environment"/>
    <property name="file.encoding" value="UTF-8"/>
    <property name="java.vm.name" value="OpenJDK 64-Bit Server VM"/>
    <property name="java.vendor.version" value="Microsoft-10800198"/>
    <property name="localRepository" value="/home/codespace/.m2/repository"/>
    <property name="java.vendor.url.bug" value="https://github.com/microsoft/openjdk/issues"/>
    <property name="java.io.tmpdir" value="/tmp"/>
    <property name="java.version" value="21.0.6"/>
    <property name="user.dir" value="/workspaces/cucumbercourse/linkedinlearning.cucumbercourse"/>
    <property name="os.arch" value="amd64"/>
    <property name="java.vm.specification.name" value="Java Virtual Machine Specification"/>
    <property name="native.encoding" value="UTF-8"/>
    <property name="java.library.path" value="/usr/java/packages/lib:/usr/lib64:/lib64:/lib:/usr/lib"/>
    <property name="java.vm.info" value="mixed mode, sharing"/>
    <property name="stderr.encoding" value="UTF-8"/>
    <property name="java.vendor" value="Microsoft"/>
    <property name="java.vm.version" value="21.0.6+7-LTS"/>
    <property name="sun.io.unicode.encoding" value="UnicodeLittle"/>
    <property name="java.class.version" value="65.0"/>
  </properties>
  <testcase name="An example - The example" classname="An example" time="1.83">
    <system-out><![CDATA[
Scenario: The example                       &amp#27;[90m# linkedinlearning/cucumbercourse/example.feature:3&amp#27;[0m
  &amp#27;[32mGiven &amp#27;[0m&amp#27;[32man example scenario&amp#27;[0m                 &amp#27;[90m# linkedinlearning.cucumbercourse.StepDefinitions.anExampleScenario()&amp#27;[0m
  &amp#27;[32mWhen &amp#27;[0m&amp#27;[32mall step definitions are implemented&amp#27;[0m &amp#27;[90m# linkedinlearning.cucumbercourse.StepDefinitions.allStepDefinitionsAreImplemented()&amp#27;[0m
  &amp#27;[32mThen &amp#27;[0m&amp#27;[32mthe scenario passes&amp#27;[0m                  &amp#27;[90m# linkedinlearning.cucumbercourse.StepDefinitions.theScenarioPasses()&amp#27;[0m
]]></system-out>
  </testcase>
</testsuite>